<?xml version="1.0" encoding="UTF-8"?>
<!-- Generated by org.testng.reporters.JUnitReportReporter -->
<testsuite hostname="MSI" failures="0" tests="1" name="javascriptExample.WebTableExample" time="6.869" errors="0" timestamp="2023-10-12T09:15:30 IST" skipped="0">
  <testcase classname="javascriptExample.WebTableExample" name="recaptest" time="6.869"/>
  <system-out/>
</testsuite> <!-- javascriptExample.WebTableExample -->
