<?xml version="1.0" encoding="UTF-8"?>
<!-- Generated by org.testng.reporters.JUnitReportReporter -->
<testsuite hostname="MSI" failures="0" tests="7" name="testNGExample.AmazonAppTest" time="0.010" errors="0" timestamp="2023-10-10T10:33:50 IST" skipped="0">
  <testcase classname="testNGExample.AmazonAppTest" name="login" time="0.003"/>
  <system-out/>
  <testcase classname="testNGExample.AmazonAppTest" name="testcase1" time="0.002"/>
  <system-out/>
  <testcase classname="testNGExample.AmazonAppTest" name="testcase2" time="0.001"/>
  <system-out/>
  <testcase classname="testNGExample.AmazonAppTest" name="cancelOrder" time="0.001"/>
  <system-out/>
  <testcase classname="testNGExample.AmazonAppTest" name="addItem" time="0.001"/>
  <system-out/>
  <testcase classname="testNGExample.AmazonAppTest" name="payment" time="0.001"/>
  <system-out/>
  <testcase classname="testNGExample.AmazonAppTest" name="logout" time="0.001"/>
  <system-out/>
</testsuite> <!-- testNGExample.AmazonAppTest -->
