<?xml version="1.0" encoding="UTF-8"?>
<!-- Generated by org.testng.reporters.JUnitReportReporter -->
<testsuite hostname="MSI" failures="0" tests="1" name="test.LoginTest" time="11.405" errors="0" timestamp="2023-10-16T10:57:08 IST" skipped="0">
  <testcase classname="test.LoginTest" name="verifyLoginfeature" time="11.405"/>
  <system-out/>
</testsuite> <!-- test.LoginTest -->
