<?xml version="1.0" encoding="UTF-8"?>
<!-- Generated by org.testng.reporters.JUnitReportReporter -->
<testsuite hostname="MSI" failures="0" tests="3" name="testNGExample.TestNGAnnotationExample" time="20.888" errors="0" timestamp="2023-10-11T09:08:02 IST" skipped="0">
  <testcase classname="testNGExample.TestNGAnnotationExample" name="login" time="5.979"/>
  <system-out/>
  <testcase classname="testNGExample.TestNGAnnotationExample" name="addItem" time="6.032"/>
  <system-out/>
  <testcase classname="testNGExample.TestNGAnnotationExample" name="logout" time="8.877"/>
  <system-out/>
</testsuite> <!-- testNGExample.TestNGAnnotationExample -->
