<?xml version="1.0" encoding="UTF-8"?>
<!-- Generated by org.testng.reporters.JUnitReportReporter -->
<testsuite hostname="MSI" failures="0" tests="1" name="handleWindowExample.HandleWindow_IRCTCApp" time="24.558" errors="0" timestamp="2023-10-11T10:52:13 IST" skipped="0">
  <testcase classname="handleWindowExample.HandleWindow_IRCTCApp" name="verifyLoginfeature" time="24.558"/>
  <system-out/>
</testsuite> <!-- handleWindowExample.HandleWindow_IRCTCApp -->
