<?xml version="1.0" encoding="UTF-8"?>
<!-- Generated by org.testng.reporters.JUnitReportReporter -->
<testsuite hostname="MSI" failures="0" tests="1" name="datePickerExample.Ex1_DatePickerExample_Guru99" time="7.129" errors="0" timestamp="2023-10-13T10:35:04 IST" skipped="0">
  <testcase classname="datePickerExample.Ex1_DatePickerExample_Guru99" name="dateTimePicker" time="7.129"/>
  <system-out/>
</testsuite> <!-- datePickerExample.Ex1_DatePickerExample_Guru99 -->
