<?xml version="1.0" encoding="UTF-8"?>
<!-- Generated by org.testng.reporters.JUnitReportReporter -->
<testsuite hostname="MSI" failures="0" tests="1" name="excelFileExample.RegisterStudentExcelTest" time="43.260" errors="0" timestamp="2023-10-16T08:59:27 IST" skipped="0">
  <testcase classname="excelFileExample.RegisterStudentExcelTest" name="RegistrationDataDrivernTest" time="43.260"/>
  <system-out/>
</testsuite> <!-- excelFileExample.RegisterStudentExcelTest -->
