<?xml version="1.0" encoding="UTF-8"?>
<!-- Generated by org.testng.reporters.JUnitReportReporter -->
<testsuite hostname="MSI" failures="0" tests="1" name="conditionalExample.Conditional_textBox2" time="5.695" errors="0" timestamp="2023-10-13T10:52:41 IST" skipped="0">
  <testcase classname="conditionalExample.Conditional_textBox2" name="verifyLoginFeature" time="5.695"/>
  <system-out/>
</testsuite> <!-- conditionalExample.Conditional_textBox2 -->
