<?xml version="1.0" encoding="UTF-8"?>
<!-- Generated by org.testng.reporters.JUnitReportReporter -->
<testsuite hostname="MSI" failures="0" tests="1" name="actionExample.RightClickTest" time="0.168" errors="0" timestamp="2023-10-13T09:09:24 IST" skipped="0">
  <testcase classname="actionExample.RightClickTest" name="Frame_ControlExample" time="0.168"/>
  <system-out/>
</testsuite> <!-- actionExample.RightClickTest -->
