<?xml version="1.0" encoding="UTF-8"?>
<!-- Generated by org.testng.reporters.JUnitReportReporter -->
<testsuite hostname="MSI" failures="0" tests="2" name="crossbrowserTest.NOPCommApp" time="22.681" errors="0" timestamp="2023-10-10T11:04:00 IST" skipped="0">
  <testcase classname="crossbrowserTest.NOPCommApp" name="verifyloginfeature" time="11.314"/>
  <system-out/>
  <testcase classname="crossbrowserTest.NOPCommApp" name="verifyloginfeature" time="11.367"/>
  <system-out/>
</testsuite> <!-- crossbrowserTest.NOPCommApp -->
