<?xml version="1.0" encoding="UTF-8"?>
<!-- Generated by org.testng.reporters.JUnitReportReporter -->
<testsuite hostname="MSI" failures="0" tests="1" name="handleFrameExample.HandleFrameExample" time="0.073" errors="0" timestamp="2023-10-13T08:49:37 IST" skipped="0">
  <testcase classname="handleFrameExample.HandleFrameExample" name="Frame_ControlExample" time="0.073"/>
  <system-out/>
</testsuite> <!-- handleFrameExample.HandleFrameExample -->
