<?xml version="1.0" encoding="UTF-8"?>
<!-- Generated by org.testng.reporters.JUnitReportReporter -->
<testsuite hostname="MSI" failures="0" tests="1" name="javascriptExample.MyntraAPP" time="5.762" errors="0" timestamp="2023-10-12T09:28:04 IST" skipped="0">
  <testcase classname="javascriptExample.MyntraAPP" name="recaptest" time="5.762"/>
  <system-out/>
</testsuite> <!-- javascriptExample.MyntraAPP -->
