<?xml version="1.0" encoding="UTF-8"?>
<!-- Generated by org.testng.reporters.JUnitReportReporter -->
<testsuite hostname="MSI" failures="0" tests="1" name="alertExample.AlertExampleTest2" time="10.178" errors="0" timestamp="2023-10-10T10:33:50 IST" skipped="0">
  <testcase classname="alertExample.AlertExampleTest2" name="promptAlert" time="10.178"/>
  <system-out/>
</testsuite> <!-- alertExample.AlertExampleTest2 -->
