<?xml version="1.0" encoding="UTF-8"?>
<!-- Generated by org.testng.reporters.JUnitReportReporter -->
<testsuite hostname="MSI" failures="0" tests="1" name="actionExample.DoubleClickTest" time="2.207" errors="0" timestamp="2023-10-13T09:19:26 IST" skipped="0">
  <testcase classname="actionExample.DoubleClickTest" name="Frame_ControlExample" time="2.207"/>
  <system-out/>
</testsuite> <!-- actionExample.DoubleClickTest -->
