<?xml version="1.0" encoding="UTF-8"?>
<!-- Generated by org.testng.reporters.JUnitReportReporter -->
<testsuite hostname="MSI" failures="0" tests="1" name="takeScreenShotExample.AmazonApp" time="12.192" errors="0" timestamp="2023-10-12T09:49:29 IST" skipped="0">
  <testcase classname="takeScreenShotExample.AmazonApp" name="verifySearchItem" time="12.192"/>
  <system-out/>
</testsuite> <!-- takeScreenShotExample.AmazonApp -->
