<?xml version="1.0" encoding="UTF-8"?>
<!-- Generated by org.testng.reporters.JUnitReportReporter -->
<testsuite hostname="MSI" failures="0" tests="1" name="actionExample.Amazon_WishListExample" time="1.175" errors="0" timestamp="2023-10-13T09:14:20 IST" skipped="0">
  <testcase classname="actionExample.Amazon_WishListExample" name="Frame_ControlExample" time="1.175"/>
  <system-out/>
</testsuite> <!-- actionExample.Amazon_WishListExample -->
