<?xml version="1.0" encoding="UTF-8"?>
<!-- Generated by org.testng.reporters.JUnitReportReporter -->
<testsuite hostname="MSI" failures="0" tests="1" name="webtableExample.WebtableSampleApp_XPATH" time="8.608" errors="0" timestamp="2023-10-13T10:32:59 IST" skipped="0">
  <testcase classname="webtableExample.WebtableSampleApp_XPATH" name="WebTableSampleApp" time="8.608"/>
  <system-out/>
</testsuite> <!-- webtableExample.WebtableSampleApp_XPATH -->
