<?xml version="1.0" encoding="UTF-8"?>
<!-- Generated by org.testng.reporters.JUnitReportReporter -->
<testsuite hostname="MSI" failures="0" tests="4" name="ddtExample.NOPComm_LoginDDTExample" time="40.299" errors="0" timestamp="2023-10-11T10:06:44 IST" skipped="0">
  <testcase classname="ddtExample.NOPComm_LoginDDTExample" name="verifyLoginFeatureWithInValidUser" time="10.390"/>
  <system-out/>
  <testcase classname="ddtExample.NOPComm_LoginDDTExample" name="verifyLoginFeatureWithInValidUser" time="10.392"/>
  <system-out/>
  <testcase classname="ddtExample.NOPComm_LoginDDTExample" name="verifyLoginFeatureWithInValidUser" time="9.766"/>
  <system-out/>
  <testcase classname="ddtExample.NOPComm_LoginDDTExample" name="verifyLoginFeatureWithInValidUser" time="9.751"/>
  <system-out/>
</testsuite> <!-- ddtExample.NOPComm_LoginDDTExample -->
