<?xml version="1.0" encoding="UTF-8"?>
<!-- Generated by org.testng.reporters.JUnitReportReporter -->
<testsuite hostname="MSI" failures="0" tests="1" name="pdfBoxExample.ReadPDFContent" time="0.381" errors="0" timestamp="2023-10-13T10:58:42 IST" skipped="0">
  <testcase classname="pdfBoxExample.ReadPDFContent" name="verifyPDFData" time="0.381"/>
  <system-out/>
</testsuite> <!-- pdfBoxExample.ReadPDFContent -->
