<?xml version="1.0" encoding="UTF-8"?>
<!-- Generated by org.testng.reporters.JUnitReportReporter -->
<testsuite hostname="MSI" failures="0" tests="1" name="pdfBoxExample.ReadPDFContent2" time="0.338" errors="0" timestamp="2023-10-13T11:00:00 IST" skipped="0">
  <testcase classname="pdfBoxExample.ReadPDFContent2" name="verifyPDFData" time="0.338"/>
  <system-out/>
</testsuite> <!-- pdfBoxExample.ReadPDFContent2 -->
