<?xml version="1.0" encoding="UTF-8"?>
<!-- Generated by org.testng.reporters.JUnitReportReporter -->
<testsuite hostname="MSI" failures="0" tests="1" name="nopComm_config.NOPCommApp" time="5.349" errors="0" timestamp="2023-10-12T10:52:33 IST" skipped="0">
  <testcase classname="nopComm_config.NOPCommApp" name="verifyAppTitle" time="5.349"/>
  <system-out/>
</testsuite> <!-- nopComm_config.NOPCommApp -->
