<?xml version="1.0" encoding="UTF-8"?>
<!-- Generated by org.testng.reporters.JUnitReportReporter -->
<testsuite hostname="MSI" failures="0" tests="1" name="conditionalExample.Conditional_textBox3" time="15.698" errors="0" timestamp="2023-10-13T10:51:00 IST" skipped="0">
  <testcase classname="conditionalExample.Conditional_textBox3" name="verifyLoginFeature" time="15.698"/>
  <system-out/>
</testsuite> <!-- conditionalExample.Conditional_textBox3 -->
