<?xml version="1.0" encoding="UTF-8"?>
<!-- Generated by org.testng.reporters.JUnitReportReporter -->
<testsuite hostname="MSI" failures="0" tests="1" name="actionExample.HandleFrameExample" time="0.712" errors="0" timestamp="2023-10-13T09:02:19 IST" skipped="0">
  <testcase classname="actionExample.HandleFrameExample" name="Frame_ControlExample" time="0.712"/>
  <system-out/>
</testsuite> <!-- actionExample.HandleFrameExample -->
