<?xml version="1.0" encoding="UTF-8"?>
<!-- Generated by org.testng.reporters.JUnitReportReporter -->
<testsuite hostname="MSI" failures="0" tests="1" name="datePickerExample.Ex2_DatePickerExample" time="4.109" errors="0" timestamp="2023-10-13T10:36:04 IST" skipped="0">
  <testcase classname="datePickerExample.Ex2_DatePickerExample" name="dateTimePicker" time="4.109"/>
  <system-out/>
</testsuite> <!-- datePickerExample.Ex2_DatePickerExample -->
